[    0.000000] Linux version 4.15.0-212-generic (buildd@lcy02-amd64-083) (gcc version 7.5.0 (Ubuntu 7.5.0-3ubuntu1~18.04)) #223-Ubuntu SMP Tue May 23 13:09:22 UTC 2023 (Ubuntu 4.15.0-212.223-generic 4.15.18)
[    0.000000] Command line: BOOT_IMAGE=/boot/vmlinuz-4.15.0-212-generic root=LABEL=cloudimg-rootfs ro console=tty1 console=ttyS0
[    0.000000] KERNEL supported cpus:
[    0.000000]   Intel GenuineIntel
[    0.000000]   AMD AuthenticAMD
[    0.000000]   Centaur CentaurHauls
[    0.000000] x86/fpu: x87 FPU will use FXSAVE
[    0.000000] e820: BIOS-provided physical RAM map:
[    0.000000] BIOS-e820: [mem 0x0000000000000000-0x000000000009fbff] usable
[    0.000000] BIOS-e820: [mem 0x000000000009fc00-0x000000000009ffff] reserved
[    0.000000] BIOS-e820: [mem 0x00000000000f0000-0x00000000000fffff] reserved
[    0.000000] BIOS-e820: [mem 0x0000000000100000-0x000000003ffeffff] usable
[    0.000000] BIOS-e820: [mem 0x000000003fff0000-0x000000003fffffff] ACPI data
[    0.000000] BIOS-e820: [mem 0x00000000fec00000-0x00000000fec00fff] reserved
[    0.000000] BIOS-e820: [mem 0x00000000fee00000-0x00000000fee00fff] reserved
[    0.000000] BIOS-e820: [mem 0x00000000fffc0000-0x00000000ffffffff] reserved
[    0.000000] NX (Execute Disable) protection: active
[    0.000000] SMBIOS 2.5 present.
[    0.000000] DMI: innotek GmbH VirtualBox/VirtualBox, BIOS VirtualBox 12/01/2006
[    0.000000] Hypervisor detected: KVM
[    0.000000] e820: last_pfn = 0x3fff0 max_arch_pfn = 0x400000000
[    0.000000] MTRR: Disabled
[    0.000000] x86/PAT: MTRRs disabled, skipping PAT initialization too.
[    0.000000] CPU MTRRs all blank - virtualized system.
[    0.000000] x86/PAT: Configuration [0-7]: WB  WT  UC- UC  WB  WT  UC- UC  
[    0.000000] found SMP MP-table at [mem 0x0009fff0-0x0009ffff]
[    0.000000] Scanning 1 areas for low memory corruption
[    0.000000] RAMDISK: [mem 0x359cb000-0x36cdcfff]
[    0.000000] ACPI: Early table checksum verification disabled
[    0.000000] ACPI: RSDP 0x00000000000E0000 000024 (v02 VBOX  )
[    0.000000] ACPI: XSDT 0x000000003FFF0030 00003C (v01 VBOX   VBOXXSDT 00000001 ASL  00000061)
[    0.000000] ACPI: FACP 0x000000003FFF00F0 0000F4 (v04 VBOX   VBOXFACP 00000001 ASL  00000061)
[    0.000000] ACPI: DSDT 0x000000003FFF0610 002353 (v02 VBOX   VBOXBIOS 00000002 INTL 20100528)
[    0.000000] ACPI: FACS 0x000000003FFF0200 000040
[    0.000000] ACPI: FACS 0x000000003FFF0200 000040
[    0.000000] ACPI: APIC 0x000000003FFF0240 00005C (v02 VBOX   VBOXAPIC 00000001 ASL  00000061)
[    0.000000] ACPI: SSDT 0x000000003FFF02A0 00036C (v01 VBOX   VBOXCPUT 00000002 INTL 20100528)
[    0.000000] ACPI: Reserving FACP table memory at [mem 0x3fff00f0-0x3fff01e3]
[    0.000000] ACPI: Reserving DSDT table memory at [mem 0x3fff0610-0x3fff2962]
[    0.000000] ACPI: Reserving FACS table memory at [mem 0x3fff0200-0x3fff023f]
[    0.000000] ACPI: Reserving FACS table memory at [mem 0x3fff0200-0x3fff023f]
[    0.000000] ACPI: Reserving APIC table memory at [mem 0x3fff0240-0x3fff029b]
[    0.000000] ACPI: Reserving SSDT table memory at [mem 0x3fff02a0-0x3fff060b]
[    0.000000] No NUMA configuration found
[    0.000000] Faking a node at [mem 0x0000000000000000-0x000000003ffeffff]
[    0.000000] NODE_DATA(0) allocated [mem 0x3ffc5000-0x3ffeffff]
[    0.000000] kvm-clock: cpu 0, msr 0:3ff44001, primary cpu clock
[    0.000000] kvm-clock: Using msrs 4b564d01 and 4b564d00
[    0.000000] kvm-clock: using sched offset of 3741448195 cycles
[    0.000000] clocksource: kvm-clock: mask: 0xffffffffffffffff max_cycles: 0x1cd42e4dffb, max_idle_ns: 881590591483 ns
[    0.000000] Zone ranges:
[    0.000000]   DMA      [mem 0x0000000000001000-0x0000000000ffffff]
[    0.000000]   DMA32    [mem 0x0000000001000000-0x000000003ffeffff]
[    0.000000]   Normal   empty
[    0.000000]   Device   empty
[    0.000000] Movable zone start for each node
[    0.000000] Early memory node ranges
[    0.000000]   node   0: [mem 0x0000000000001000-0x000000000009efff]
[    0.000000]   node   0: [mem 0x0000000000100000-0x000000003ffeffff]
[    0.000000] Reserved but unavailable: 104 pages
[    0.000000] Initmem setup node 0 [mem 0x0000000000001000-0x000000003ffeffff]
[    0.000000] ACPI: PM-Timer IO Port: 0x4008
[    0.000000] IOAPIC[0]: apic_id 2, version 32, address 0xfec00000, GSI 0-23
[    0.000000] ACPI: INT_SRC_OVR (bus 0 bus_irq 0 global_irq 2 dfl dfl)
[    0.000000] ACPI: INT_SRC_OVR (bus 0 bus_irq 9 global_irq 9 low level)
[    0.000000] Using ACPI (MADT) for SMP configuration information
[    0.000000] smpboot: Allowing 2 CPUs, 0 hotplug CPUs
[    0.000000] PM: Registered nosave memory: [mem 0x00000000-0x00000fff]
[    0.000000] PM: Registered nosave memory: [mem 0x0009f000-0x0009ffff]
[    0.000000] PM: Registered nosave memory: [mem 0x000a0000-0x000effff]
[    0.000000] PM: Registered nosave memory: [mem 0x000f0000-0x000fffff]
[    0.000000] e820: [mem 0x40000000-0xfebfffff] available for PCI devices
[    0.000000] Booting paravirtualized kernel on KVM
[    0.000000] clocksource: refined-jiffies: mask: 0xffffffff max_cycles: 0xffffffff, max_idle_ns: 7645519600211568 ns
[    0.000000] setup_percpu: NR_CPUS:8192 nr_cpumask_bits:2 nr_cpu_ids:2 nr_node_ids:1
[    0.000000] percpu: Embedded 50 pages/cpu s167936 r8192 d28672 u1048576
[    0.000000] PV qspinlock hash table entries: 256 (order: 0, 4096 bytes)
[    0.000000] Built 1 zonelists, mobility grouping on.  Total pages: 257913
[    0.000000] Policy zone: DMA32
[    0.000000] Kernel command line: BOOT_IMAGE=/boot/vmlinuz-4.15.0-212-generic root=LABEL=cloudimg-rootfs ro console=tty1 console=ttyS0
[    0.000000] Memory: 982644K/1048120K available (12300K kernel code, 2477K rwdata, 4324K rodata, 2480K init, 2720K bss, 65476K reserved, 0K cma-reserved)
[    0.000000] SLUB: HWalign=64, Order=0-3, MinObjects=0, CPUs=2, Nodes=1
[    0.000000] ftrace: allocating 39508 entries in 155 pages
[    0.004000] Hierarchical RCU implementation.
[    0.004000] 	RCU restricting CPUs from NR_CPUS=8192 to nr_cpu_ids=2.
[    0.004000] 	Tasks RCU enabled.
[    0.004000] RCU: Adjusting geometry for rcu_fanout_leaf=16, nr_cpu_ids=2
[    0.004000] NR_IRQS: 524544, nr_irqs: 440, preallocated irqs: 16
[    0.004000] random: crng init done
[    0.004000] Console: colour VGA+ 80x25
[    0.004000] console [tty1] enabled
[    0.004000] console [ttyS0] enabled
[    0.004000] ACPI: Core revision 20170831
[    0.004000] ACPI: 2 ACPI AML tables successfully acquired and loaded
[    0.004000] APIC: Switch to symmetric I/O mode setup
[    0.004000] ..TIMER: vector=0x30 apic1=0 pin1=2 apic2=-1 pin2=-1
[    0.004000] tsc: Detected 1800.005 MHz processor
[    0.004011] Calibrating delay loop (skipped) preset value.. 3600.01 BogoMIPS (lpj=7200020)
[    0.008007] pid_max: default: 32768 minimum: 301
[    0.012140] Security Framework initialized
[    0.016008] Yama: becoming mindful.
[    0.020119] AppArmor: AppArmor initialized
[    0.029426] Dentry cache hash table entries: 131072 (order: 8, 1048576 bytes)
[    0.033949] Inode-cache hash table entries: 65536 (order: 7, 524288 bytes)
[    0.036075] Mount-cache hash table entries: 2048 (order: 2, 16384 bytes)
[    0.040072] Mountpoint-cache hash table entries: 2048 (order: 2, 16384 bytes)
[    0.049304] Last level iTLB entries: 4KB 64, 2MB 8, 4MB 8
[    0.052002] Last level dTLB entries: 4KB 64, 2MB 0, 4MB 0, 1GB 4
[    0.056003] Spectre V1 : Mitigation: usercopy/swapgs barriers and __user pointer sanitization
[    0.060003] Spectre V2 : Mitigation: Enhanced IBRS
[    0.064002] Spectre V2 : Spectre v2 / SpectreRSB mitigation: Filling RSB on context switch
[    0.068002] Spectre V2 : Spectre v2 / PBRSB-eIBRS: Retire a single CALL on VMEXIT
[    0.072003] RETBleed: Mitigation: Enhanced IBRS
[    0.076002] Speculative Store Bypass: Vulnerable
[    0.080050] MMIO Stale Data: Vulnerable: Clear CPU buffers attempted, no microcode
[    0.084003] SRBDS: Unknown: Dependent on hypervisor status
[    0.088173] Freeing SMP alternatives memory: 36K
[    0.222209] APIC calibration not consistent with PM-Timer: 110ms instead of 100ms
[    0.224000] APIC delta adjusted to PM-Timer: 6443540 (7128948)
[    0.224357] smpboot: CPU0: Intel(R) Core(TM) i5-8265U CPU @ 1.60GHz (family: 0x6, model: 0x8e, stepping: 0xc)
[    0.228752] Performance Events: unsupported p6 CPU model 142 no PMU driver, software events only.
[    0.232213] Hierarchical SRCU implementation.
[    0.237104] NMI watchdog: Perf event create on CPU 0 failed with -2
[    0.240007] NMI watchdog: Perf NMI watchdog permanently disabled
[    0.244403] smp: Bringing up secondary CPUs ...
[    0.252455] x86: Booting SMP configuration:
[    0.256081] .... node  #0, CPUs:      #1
[    0.004000] kvm-clock: cpu 1, msr 0:3ff44041, secondary cpu clock
[    0.268000] TSC synchronization [CPU#0 -> CPU#1]:
[    0.268000] Measured 88127 cycles TSC warp between CPUs, turning off TSC clock.
[    0.268000] tsc: Marking TSC unstable due to check_tsc_sync_source failed
[    0.272198] smp: Brought up 1 node, 2 CPUs
[    0.275973] smpboot: Max logical packages: 1
[    0.276006] smpboot: Total of 2 processors activated (7200.02 BogoMIPS)
[    0.284566] devtmpfs: initialized
[    0.288126] x86/mm: Memory block size: 128MB
[    0.292449] evm: security.selinux
[    0.296006] evm: security.SMACK64
[    0.299500] evm: security.SMACK64EXEC
[    0.300002] evm: security.SMACK64TRANSMUTE
[    0.304002] evm: security.SMACK64MMAP
[    0.307165] evm: security.apparmor
[    0.308002] evm: security.ima
[    0.312002] evm: security.capability
[    0.316474] clocksource: jiffies: mask: 0xffffffff max_cycles: 0xffffffff, max_idle_ns: 7645041785100000 ns
[    0.320013] futex hash table entries: 512 (order: 3, 32768 bytes)
[    0.324217] pinctrl core: initialized pinctrl subsystem
[    0.332497] RTC time: 18:22:13, date: 03/04/24
[    0.337366] NET: Registered protocol family 16
[    0.340126] audit: initializing netlink subsys (disabled)
[    0.344219] audit: type=2000 audit(1709576538.741:1): state=initialized audit_enabled=0 res=1
[    0.352006] cpuidle: using governor ladder
[    0.356008] cpuidle: using governor menu
[    0.360077] ACPI: bus type PCI registered
[    0.364003] acpiphp: ACPI Hot Plug PCI Controller Driver version: 0.5
[    0.368523] PCI: Using configuration type 1 for base access
[    0.376540] HugeTLB registered 2.00 MiB page size, pre-allocated 0 pages
[    0.384641] ACPI: Added _OSI(Module Device)
[    0.388003] ACPI: Added _OSI(Processor Device)
[    0.392002] ACPI: Added _OSI(3.0 _SCP Extensions)
[    0.396002] ACPI: Added _OSI(Processor Aggregator Device)
[    0.400003] ACPI: Added _OSI(Linux-Dell-Video)
[    0.404004] ACPI: Added _OSI(Linux-Lenovo-NV-HDMI-Audio)
[    0.408003] ACPI: Added _OSI(Linux-HPI-Hybrid-Graphics)
[    0.412866] ACPI: Executed 1 blocks of module-level executable AML code
[    0.423431] ACPI: Interpreter enabled
[    0.424013] ACPI: (supports S0 S5)
[    0.428003] ACPI: Using IOAPIC for interrupt routing
[    0.432381] PCI: Using host bridge windows from ACPI; if necessary, use "pci=nocrs" and report a bug
[    0.436237] ACPI: Enabled 2 GPEs in block 00 to 07
[    0.452594] ACPI: PCI Root Bridge [PCI0] (domain 0000 [bus 00-ff])
[    0.456017] acpi PNP0A03:00: _OSC: OS supports [ASPM ClockPM Segments MSI]
[    0.461298] acpi PNP0A03:00: _OSC: not requesting OS control; OS requires [ExtendedConfig ASPM ClockPM MSI]
[    0.464023] acpi PNP0A03:00: fail to add MMCONFIG information, can't access extended PCI configuration space under this bridge.
[    0.468832] PCI host bridge to bus 0000:00
[    0.472013] pci_bus 0000:00: root bus resource [io  0x0000-0x0cf7 window]
[    0.476010] pci_bus 0000:00: root bus resource [io  0x0d00-0xffff window]
[    0.480008] pci_bus 0000:00: root bus resource [mem 0x000a0000-0x000bffff window]
[    0.484009] pci_bus 0000:00: root bus resource [mem 0x40000000-0xfdffffff window]
[    0.488010] pci_bus 0000:00: root bus resource [bus 00-ff]
[    0.499360] pci 0000:00:01.1: legacy IDE quirk: reg 0x10: [io  0x01f0-0x01f7]
[    0.500008] pci 0000:00:01.1: legacy IDE quirk: reg 0x14: [io  0x03f6]
[    0.504008] pci 0000:00:01.1: legacy IDE quirk: reg 0x18: [io  0x0170-0x0177]
[    0.508007] pci 0000:00:01.1: legacy IDE quirk: reg 0x1c: [io  0x0376]
[    0.535470] pci 0000:00:07.0: quirk: [io  0x4000-0x403f] claimed by PIIX4 ACPI
[    0.536036] pci 0000:00:07.0: quirk: [io  0x4100-0x410f] claimed by PIIX4 SMB
[    0.554268] ACPI: PCI Interrupt Link [LNKA] (IRQs 5 9 10 *11)
[    0.560367] ACPI: PCI Interrupt Link [LNKB] (IRQs 5 9 *10 11)
[    0.564197] ACPI: PCI Interrupt Link [LNKC] (IRQs 5 *9 10 11)
[    0.568198] ACPI: PCI Interrupt Link [LNKD] (IRQs 5 9 10 *11)
[    0.572846] SCSI subsystem initialized
[    0.576237] pci 0000:00:02.0: vgaarb: setting as boot VGA device
[    0.580000] pci 0000:00:02.0: vgaarb: VGA device added: decodes=io+mem,owns=io+mem,locks=none
[    0.580005] pci 0000:00:02.0: vgaarb: bridge control possible
[    0.584002] vgaarb: loaded
[    0.588066] ACPI: bus type USB registered
[    0.592043] usbcore: registered new interface driver usbfs
[    0.596013] usbcore: registered new interface driver hub
[    0.600046] usbcore: registered new device driver usb
[    0.608228] EDAC MC: Ver: 3.0.0
[    0.613213] PCI: Using ACPI for IRQ routing
[    0.620023] NetLabel: Initializing
[    0.623672] NetLabel:  domain hash size = 128
[    0.624003] NetLabel:  protocols = UNLABELED CIPSOv4 CALIPSO
[    0.628183] NetLabel:  unlabeled traffic allowed by default
[    0.632224] clocksource: Switched to clocksource kvm-clock
[    0.641665] VFS: Disk quotas dquot_6.6.0
[    0.641665] VFS: Dquot-cache hash table entries: 512 (order 0, 4096 bytes)
[    0.641665] AppArmor: AppArmor Filesystem Enabled
[    0.641665] pnp: PnP ACPI init
[    0.641665] pnp: PnP ACPI: found 3 devices
[    0.745256] clocksource: acpi_pm: mask: 0xffffff max_cycles: 0xffffff, max_idle_ns: 2085701024 ns
[    0.748279] NET: Registered protocol family 2
[    0.748279] IP idents hash table entries: 16384 (order: 5, 131072 bytes)
[    0.764148] TCP established hash table entries: 8192 (order: 4, 65536 bytes)
[    0.771106] TCP bind hash table entries: 8192 (order: 5, 131072 bytes)
[    0.777553] TCP: Hash tables configured (established 8192 bind 8192)
[    0.781063] UDP hash table entries: 512 (order: 2, 16384 bytes)
[    0.781063] UDP-Lite hash table entries: 512 (order: 2, 16384 bytes)
[    0.781063] NET: Registered protocol family 1
[    0.781063] pci 0000:00:00.0: Limiting direct PCI/PCI transfers
[    0.781063] pci 0000:00:01.0: Activating ISA DMA hang workarounds
[    0.781063] pci 0000:00:02.0: Video device with shadowed ROM at [mem 0x000c0000-0x000dffff]
[    0.781063] Unpacking initramfs...
[    1.285516] Freeing initrd memory: 19528K
[    1.289983] clocksource: tsc: mask: 0xffffffffffffffff max_cycles: 0x19f22e42037, max_idle_ns: 440795249997 ns
[    1.298645] platform rtc_cmos: registered platform RTC device (no PNP device found)
[    1.306071] Scanning for low memory corruption every 60 seconds
[    1.313205] Initialise system trusted keyrings
[    1.317700] Key type blacklist registered
[    1.321872] workingset: timestamp_bits=36 max_order=18 bucket_order=0
[    1.330079] zbud: loaded
[    1.334471] squashfs: version 4.0 (2009/01/31) Phillip Lougher
[    1.341257] fuse init (API version 7.26)
[    1.370786] Key type asymmetric registered
[    1.374937] Asymmetric key parser 'x509' registered
[    1.379180] Block layer SCSI generic (bsg) driver version 0.4 loaded (major 246)
[    1.386838] io scheduler noop registered
[    1.390930] io scheduler deadline registered
[    1.394626] io scheduler cfq registered (default)
[    1.399871] ACPI: AC Adapter [AC] (on-line)
[    1.404675] input: Power Button as /devices/LNXSYSTM:00/LNXPWRBN:00/input/input0
[    1.411299] ACPI: Power Button [PWRF]
[    1.415591] input: Sleep Button as /devices/LNXSYSTM:00/LNXSLPBN:00/input/input1
[    1.422034] ACPI: Sleep Button [SLPF]
[    1.427229] Serial: 8250/16550 driver, 32 ports, IRQ sharing enabled
[    1.428897] ACPI: Battery Slot [BAT0] (battery present)
[    1.461982] 00:02: ttyS0 at I/O 0x3f8 (irq = 4, base_baud = 115200) is a 16550A
[    1.471620] Linux agpgart interface v0.103
[    1.481342] loop: module loaded
[    1.489999] scsi host0: ata_piix
[    1.494497] scsi host1: ata_piix
[    1.497796] ata1: PATA max UDMA/33 cmd 0x1f0 ctl 0x3f6 bmdma 0xd000 irq 14
[    1.503508] ata2: PATA max UDMA/33 cmd 0x170 ctl 0x376 bmdma 0xd008 irq 15
[    1.509805] tun: Universal TUN/TAP device driver, 1.6
[    1.515065] PPP generic driver version 2.4.2
[    1.519258] ehci_hcd: USB 2.0 'Enhanced' Host Controller (EHCI) Driver
[    1.524758] ehci-pci: EHCI PCI platform driver
[    1.528933] ehci-platform: EHCI generic platform driver
[    1.533651] ohci_hcd: USB 1.1 'Open' Host Controller (OHCI) Driver
[    1.537580] ohci-pci: OHCI PCI platform driver
[    1.543112] ohci-platform: OHCI generic platform driver
[    1.547894] uhci_hcd: USB Universal Host Controller Interface driver
[    1.553411] i8042: PNP: PS/2 Controller [PNP0303:PS2K,PNP0f03:PS2M] at 0x60,0x64 irq 1,12
[    1.563617] serio: i8042 KBD port at 0x60,0x64 irq 1
[    1.568684] serio: i8042 AUX port at 0x60,0x64 irq 12
[    1.573117] mousedev: PS/2 mouse device common for all mice
[    1.580576] rtc_cmos rtc_cmos: rtc core: registered rtc_cmos as rtc0
[    1.587358] rtc_cmos rtc_cmos: alarms up to one day, 114 bytes nvram
[    1.593813] i2c /dev entries driver
[    1.597722] input: AT Translated Set 2 keyboard as /devices/platform/i8042/serio0/input/input2
[    1.602228] device-mapper: uevent: version 1.0.3
[    1.610253] device-mapper: ioctl: 4.37.0-ioctl (2017-09-20) initialised: dm-devel@redhat.com
[    1.618457] ledtrig-cpu: registered to indicate activity on CPUs
[    1.627048] NET: Registered protocol family 10
[    1.641887] Segment Routing with IPv6
[    1.646284] NET: Registered protocol family 17
[    1.651140] Key type dns_resolver registered
[    1.657013] mce: Using 0 MCE banks
[    1.660990] RAS: Correctable Errors collector initialized.
[    1.665978] sched_clock: Marking stable (1665925057, 0)->(2448402910, -782477853)
[    1.729837] registered taskstats version 1
[    1.734021] Loading compiled-in X.509 certificates
[    1.744757] Loaded X.509 cert 'Build time autogenerated kernel key: b5b26778eaa3ab3a4a6cee031137706e947d12ad'
[    1.754268] Loaded X.509 cert 'Canonical Ltd. Live Patch Signing: 14df34d1a87cf37625abec039ef2bf521249b969'
[    1.763278] Loaded X.509 cert 'Canonical Ltd. Kernel Module Signing: 88f752e560a1e0737e31163a466ad7b70a850c19'
[    1.772052] blacklist: Loading compiled-in revocation X.509 certificates
[    1.778129] Loaded X.509 cert 'Canonical Ltd. Secure Boot Signing: 61482aa2830d0ab2ad5af10b7250da9033ddcef0'
[    1.786741] Loaded X.509 cert 'Canonical Ltd. Secure Boot Signing (2017): 242ade75ac4a15e50d50c84b0d45ff3eae707a03'
[    1.796084] Loaded X.509 cert 'Canonical Ltd. Secure Boot Signing (ESM 2018): 365188c1d374d6b07c3c8f240f8ef722433d6a8b'
[    1.807779] Loaded X.509 cert 'Canonical Ltd. Secure Boot Signing (2019): c0746fd6c5da3ae827864651ad66ae47fe24b3e8'
[    1.817006] Loaded X.509 cert 'Canonical Ltd. Secure Boot Signing (2021 v1): a8d54bbb3825cfb94fa13c9f8a594a195c107b8d'
[    1.826729] Loaded X.509 cert 'Canonical Ltd. Secure Boot Signing (2021 v2): 4cf046892d6fd3c9a5b03f98d845f90851dc6a8c'
[    1.836438] Loaded X.509 cert 'Canonical Ltd. Secure Boot Signing (2021 v3): 100437bb6de6e469b581e61cd66bce3ef4ed53af'
[    1.845924] Loaded X.509 cert 'Canonical Ltd. Secure Boot Signing (Ubuntu Core 2019): c1d57b8f6b743f23ee41f4f7ee292f06eecadfb9'
[    1.856155] zswap: loaded using pool lzo/zbud
[    1.870717] Key type big_key registered
[    1.874841] Key type trusted registered
[    1.882474] Key type encrypted registered
[    1.886664] AppArmor: AppArmor sha1 policy hashing enabled
[    1.891353] ima: No TPM chip found, activating TPM-bypass! (rc=-19)
[    1.896901] ima: Allocated hash algorithm: sha1
[    1.901180] evm: HMAC attrs: 0x1
[    1.905144]   Magic number: 0:15:392
[    1.910844] rtc_cmos rtc_cmos: setting system clock to 2024-03-04 18:22:15 UTC (1709576535)
[    1.919131] BIOS EDD facility v0.16 2004-Jun-25, 0 devices found
[    1.924846] EDD information not available.
[    1.934001] Freeing unused kernel image memory: 2480K
[    1.952254] Write protecting the kernel read-only data: 20480k
[    1.958526] Freeing unused kernel image memory: 2008K
[    1.963240] Freeing unused kernel image memory: 1820K
[    1.975074] x86/mm: Checked W+X mappings: passed, no W+X pages found.
Loading, please wait...
starting version 237
[    2.086303] e1000: Intel(R) PRO/1000 Network Driver - version 7.3.21-k8-NAPI
[    2.095505] e1000: Copyright (c) 1999-2006 Intel Corporation.
[    2.111275] Fusion MPT base driver 3.04.20
[    2.116746] Copyright (c) 1999-2008 LSI Corporation
[    2.126205] SSE version of gcm_enc/dec engaged.
[    2.144367] Fusion MPT SPI Host driver 3.04.20
[    2.312307] input: ImExPS/2 Generic Explorer Mouse as /devices/platform/i8042/serio1/input/input4
[    2.786346] e1000 0000:00:03.0 eth0: (PCI:33MHz:32-bit) 02:3b:7b:b7:3b:2d
[    2.792904] e1000 0000:00:03.0 eth0: Intel(R) PRO/1000 Network Connection
[    3.445056] e1000 0000:00:08.0 eth1: (PCI:33MHz:32-bit) 08:00:27:4d:a3:bc
[    3.451613] e1000 0000:00:08.0 eth1: Intel(R) PRO/1000 Network Connection
[    3.459818] mptbase: ioc0: Initiating bringup
[    3.775361] ioc0: LSI53C1030 A0: Capabilities={Initiator}
[    4.310345] scsi host2: ioc0: LSI53C1030 A0, FwRev=00000000h, Ports=1, MaxQ=256, IRQ=20
[    4.544284] scsi 2:0:0:0: Direct-Access     VBOX     HARDDISK         1.0  PQ: 0 ANSI: 5
[    4.591343] scsi target2:0:0: Beginning Domain Validation
[    4.606023] scsi target2:0:0: Domain Validation skipping write tests
[    4.611996] scsi target2:0:0: Ending Domain Validation
[    4.617396] scsi target2:0:0: asynchronous
[    4.623937] scsi 2:0:1:0: Direct-Access     VBOX     HARDDISK         1.0  PQ: 0 ANSI: 5
[    4.952302] scsi target2:0:1: Beginning Domain Validation
[    4.964906] scsi target2:0:1: Domain Validation skipping write tests
[    4.970949] scsi target2:0:1: Ending Domain Validation
[    4.976396] scsi target2:0:1: asynchronous
[    4.993028] sd 2:0:0:0: Attached scsi generic sg0 type 0
[    4.999729] sd 2:0:1:0: Attached scsi generic sg1 type 0
[    5.007040] sd 2:0:1:0: [sdb] 20480 512-byte logical blocks: (10.5 MB/10.0 MiB)
[    5.014228] sd 2:0:1:0: [sdb] Write Protect is off
[    5.020396] sd 2:0:1:0: [sdb] Incomplete mode parameter data
[    5.023288] sd 2:0:0:0: [sda] 83886080 512-byte logical blocks: (42.9 GB/40.0 GiB)
[    5.025541] sd 2:0:1:0: [sdb] Assuming drive cache: write through
[    5.041139] sd 2:0:0:0: [sda] Write Protect is off
[    5.047020] sd 2:0:0:0: [sda] Incomplete mode parameter data
[    5.052668] sd 2:0:0:0: [sda] Assuming drive cache: write through
[    5.062853]  sda: sda1
[    5.068403] sd 2:0:1:0: [sdb] Attached SCSI disk
[    5.075157] sd 2:0:0:0: [sda] Attached SCSI disk
[    5.243799] e1000 0000:00:09.0 eth2: (PCI:33MHz:32-bit) 08:00:27:93:2d:f4
[    5.250363] e1000 0000:00:09.0 eth2: Intel(R) PRO/1000 Network Connection
[    5.259169] e1000 0000:00:03.0 enp0s3: renamed from eth0
[    5.280979] e1000 0000:00:09.0 enp0s9: renamed from eth2
[  296.802597] INFO: rcu_sched self-detected stall on CPU
[  296.805305] INFO: rcu_sched detected stalls on CPUs/tasks:
[  296.807827] 	1-...!: (1 GPs behind) idle=0f2/1/0 softirq=957/964 fqs=0 
[  296.819967] 	 (t=72878 jiffies g=-200 c=-201 q=129)
[  296.819988] 	1-...!: (1 GPs behind) idle=0f2/1/0 softirq=957/964 fqs=0 
[  296.825423] rcu_sched kthread starved for 72878 jiffies! g18446744073709551416 c18446744073709551415 f0x0 RCU_GP_WAIT_FQS(3) ->state=0x402 ->cpu=0
[  296.831898] 	(detected by 0, t=72878 jiffies, g=-200, c=-201, q=129)
[  296.844973] rcu_sched       I    0     8      2 0x80000000
[  296.851587] Sending NMI from CPU 0 to CPUs 1:
[  296.857204] Call Trace:
[  296.862416] NMI backtrace for cpu 1
[  296.862417] CPU: 1 PID: 0 Comm: swapper/1 Not tainted 4.15.0-212-generic #223-Ubuntu
[  296.862417] Hardware name: innotek GmbH VirtualBox/VirtualBox, BIOS VirtualBox 12/01/2006
[  296.862418] RIP: 0010:io_serial_out+0x1a/0x20
[  296.862418] RSP: 0018:ffff967a7fd03b00 EFLAGS: 00010002
[  296.862419] RAX: 000000000000005b RBX: ffffffffa2716e60 RCX: 0000000000000000
[  296.862419] RDX: 00000000000003f8 RSI: 0000000000000000 RDI: ffffffffa2716e60
[  296.862419] RBP: ffff967a7fd03b00 R08: 0000000000000000 R09: 0000000000000007
[  296.862420] R10: 0000000000000000 R11: ffffffffa256a80d R12: 000000000000005b
[  296.862420] R13: ffffffffa256a81b R14: ffffffffa256a801 R15: ffffffffa2716e60
[  296.862420] FS:  0000000000000000(0000) GS:ffff967a7fd00000(0000) knlGS:0000000000000000
[  296.862421] CS:  0010 DS: 0000 ES: 0000 CR0: 0000000080050033
[  296.862421] CR2: 000055598abff8b8 CR3: 000000003360a002 CR4: 00000000000206e0
[  296.862421] Call Trace:
[  296.862421]  <IRQ>
[  296.862422]  serial8250_console_putchar+0x2d/0x40
[  296.862422]  ? wait_for_xmitr+0xb0/0xb0
[  296.862422]  uart_console_write+0x4c/0x60
[  296.862422]  serial8250_console_write+0x10a/0x2a0
[  296.862423]  ? msg_print_text+0x80/0x100
[  296.862423]  univ8250_console_write+0x21/0x30
[  296.862423]  console_unlock+0x3cf/0x560
[  296.862423]  vprintk_emit+0x134/0x2c0
[  296.862424]  vprintk_default+0x29/0x50
[  296.862424]  vprintk_func+0x47/0xc0
[  296.862424]  printk+0x52/0x6e
[  296.862424]  show_trace_log_lvl+0x8c/0x3d0
[  296.862425]  ? vprintk_default+0x29/0x50
[  296.862425]  ? vprintk_func+0x47/0xc0
[  296.862425]  show_stack+0x34/0x50
[  296.862425]  sched_show_task+0xfe/0x130
[  296.862426]  rcu_check_gp_kthread_starvation+0xad/0xc0
[  296.862426]  rcu_check_callbacks+0x6c5/0x8e0
[  296.862426]  ? tick_sched_do_timer+0x50/0x50
[  296.862426]  update_process_times+0x2f/0x60
[  296.862427]  tick_sched_handle+0x26/0x70
[  296.862427]  ? tick_sched_do_timer+0x42/0x50
[  296.862427]  tick_sched_timer+0x39/0x80
[  296.862427]  __hrtimer_run_queues+0xdf/0x230
[  296.862428]  hrtimer_interrupt+0x97/0x180
[  296.862428]  smp_apic_timer_interrupt+0x6f/0x140
[  296.862428]  apic_timer_interrupt+0x90/0xa0
[  296.862428]  </IRQ>
[  296.862429] RIP: 0010:native_safe_halt+0x12/0x20
[  296.862429] RSP: 0018:ffffba49001f3e80 EFLAGS: 00010246 ORIG_RAX: ffffffffffffff11
[  296.862430] RAX: ffffffffa15cfa40 RBX: 0000000000000001 RCX: 0000000000000000
[  296.862430] RDX: 0000000000000000 RSI: 0000000000000000 RDI: 0000000000000000
[  296.862430] RBP: ffffba49001f3e80 R08: 0000000000000002 R09: ffff967a7e3988f4
[  296.862430] R10: 00000000fffffff0 R11: 000000000002bd00 R12: 0000000000000001
[  296.862431] R13: 0000000000000000 R14: 0000000000000000 R15: 0000000000000000
[  296.862431]  ? __sched_text_end+0x1/0x1
[  296.862431]  default_idle+0x20/0x100
[  296.862432]  arch_cpu_idle+0x15/0x20
[  296.862432]  default_idle_call+0x23/0x30
[  296.862432]  do_idle+0x172/0x1f0
[  296.862432]  cpu_startup_entry+0x73/0x80
[  296.862432]  start_secondary+0x1ab/0x200
[  296.862433]  secondary_startup_64+0xa5/0xb0
[  296.862433] Code: 55 48 89 e5 d3 e6 01 f2 ec 0f b6 c0 5d c3 0f 1f 00 0f 1f 44 00 00 0f b6 8f a1 00 00 00 89 d0 8b 57 08 55 48 89 e5 d3 e6 01 f2 ee <5d> c3 0f 1f 40 00 0f 1f 44 00 00 0f b6 87 a2 00 00 00 55 48 c7 
[  296.862443] rcu_sched kthread starved for 72878 jiffies! g18446744073709551416 c18446744073709551415 f0x0 RCU_GP_WAIT_FQS(3) ->state=0x402 ->cpu=0
[  296.864617]  __schedule+0x24e/0x890
[  296.867526] rcu_sched       I    0     8      2 0x80000000
[  296.874865]  schedule+0x2c/0x80
[  296.881967] Call Trace:
[  296.886782]  schedule_timeout+0x15d/0x370
[  296.891518]  __schedule+0x24e/0x890
[  296.898138]  ? __next_timer_interrupt+0xe0/0xe0
[  296.904443]  schedule+0x2c/0x80
[  296.911085]  rcu_gp_kthread+0x53a/0x980
[  296.917458]  schedule_timeout+0x15d/0x370
[  296.924194]  kthread+0x121/0x140
[  296.931212]  ? __next_timer_interrupt+0xe0/0xe0
[  296.936890]  ? rcu_note_context_switch+0x150/0x150
[  296.942863]  rcu_gp_kthread+0x53a/0x980
[  296.945739]  ? kthread_create_worker_on_cpu+0x70/0x70
[  296.947689]  kthread+0x121/0x140
[  296.951901]  ret_from_fork+0x1f/0x40
[  296.955005]  ? rcu_note_context_switch+0x150/0x150
[  296.959333] NMI backtrace for cpu 1
[  296.963260]  ? kthread_create_worker_on_cpu+0x70/0x70
[  296.966970] CPU: 1 PID: 0 Comm: swapper/1 Not tainted 4.15.0-212-generic #223-Ubuntu
[  296.970710]  ret_from_fork+0x1f/0x40
[  296.974367] Hardware name: innotek GmbH VirtualBox/VirtualBox, BIOS VirtualBox 12/01/2006
[  297.261069] Call Trace:
[  297.264041]  <IRQ>
[  297.266251]  dump_stack+0x6d/0x8b
[  297.269613]  nmi_cpu_backtrace+0x94/0xa0
[  297.273599]  ? lapic_can_unplug_cpu+0xb0/0xb0
[  297.277897]  nmi_trigger_cpumask_backtrace+0xe7/0x130
[  297.282475]  arch_trigger_cpumask_backtrace+0x19/0x20
[  297.287328]  rcu_dump_cpu_stacks+0xa3/0xd5
[  297.291866]  rcu_check_callbacks+0x6cd/0x8e0
[  297.296606]  ? tick_sched_do_timer+0x50/0x50
[  297.300937]  update_process_times+0x2f/0x60
[  297.305144]  tick_sched_handle+0x26/0x70
[  297.308810]  ? tick_sched_do_timer+0x42/0x50
[  297.313162]  tick_sched_timer+0x39/0x80
[  297.316843]  __hrtimer_run_queues+0xdf/0x230
[  297.321392]  hrtimer_interrupt+0x97/0x180
[  297.325283]  smp_apic_timer_interrupt+0x6f/0x140
[  297.329991]  apic_timer_interrupt+0x90/0xa0
[  297.333881]  </IRQ>
[  297.336432] RIP: 0010:native_safe_halt+0x12/0x20
[  297.340851] RSP: 0018:ffffba49001f3e80 EFLAGS: 00010246 ORIG_RAX: ffffffffffffff11
[  297.347899] RAX: ffffffffa15cfa40 RBX: 0000000000000001 RCX: 0000000000000000
[  297.354811] RDX: 0000000000000000 RSI: 0000000000000000 RDI: 0000000000000000
[  297.361843] RBP: ffffba49001f3e80 R08: 0000000000000002 R09: ffff967a7e3988f4
[  297.368677] R10: 00000000fffffff0 R11: 000000000002bd00 R12: 0000000000000001
[  297.376807] R13: 0000000000000000 R14: 0000000000000000 R15: 0000000000000000
[  297.383574]  ? __sched_text_end+0x1/0x1
[  297.388782]  default_idle+0x20/0x100
[  297.392311]  arch_cpu_idle+0x15/0x20
[  297.395339]  default_idle_call+0x23/0x30
[  297.398772]  do_idle+0x172/0x1f0
[  297.401951]  cpu_startup_entry+0x73/0x80
[  297.405617]  start_secondary+0x1ab/0x200
[  297.408968]  secondary_startup_64+0xa5/0xb0
Begin: Loading essential drivers ... [  299.493161] raid6: sse2x1   gen() 11486 MB/s
[  299.544361] raid6: sse2x1   xor()  6814 MB/s
[  299.596455] raid6: sse2x2   gen() 14429 MB/s
[  299.648161] raid6: sse2x2   xor()  9447 MB/s
[  299.710313] raid6: sse2x4   gen() 17114 MB/s
[  299.772514] raid6: sse2x4   xor() 11801 MB/s
[  299.776770] raid6: using algorithm sse2x4 gen() 17114 MB/s
[  299.781434] raid6: .... xor() 11801 MB/s, rmw enabled
[  299.786146] raid6: using ssse3x2 recovery algorithm
[  299.792990] xor: measuring software checksum speed
[  299.836220]    prefetch64-sse: 24504.000 MB/sec
[  299.880546]    generic_sse: 22078.000 MB/sec
[  299.884962] xor: using function: prefetch64-sse (24504.000 MB/sec)
[  299.893455] async_tx: api initialized (async)
done.
Begin: Running /scripts/init-premount ... done.
Begin: Mounting root file system ... Begin: Running /scripts/local-top ... done.
Begin: Running /scripts/local-premount ... [  299.970032] Btrfs loaded, crc32c=crc32c-intel
Scanning for Btrfs filesystems
done.
Warning: fsck not present, so skipping root file system
[  300.030545] EXT4-fs (sda1): mounted filesystem with ordered data mode. Opts: (null)
done.
Begin: Running /scripts/local-bottom ... done.
Begin: Running /scripts/init-bottom ... done.
[  300.281997] ip_tables: (C) 2000-2006 Netfilter Core Team
[  300.303265] systemd[1]: systemd 237 running in system mode. (+PAM +AUDIT +SELINUX +IMA +APPARMOR +SMACK +SYSVINIT +UTMP +LIBCRYPTSETUP +GCRYPT +GNUTLS +ACL +XZ +LZ4 +SECCOMP +BLKID +ELFUTILS +KMOD -IDN2 +IDN -PCRE2 default-hierarchy=hybrid)
[  300.320572] systemd[1]: Detected virtualization oracle.
[  300.325375] systemd[1]: Detected architecture x86-64.

Welcome to [1mUbuntu 18.04.6 LTS[0m!

[  300.357065] systemd[1]: Set hostname to <ubuntu>.
[  300.367401] systemd[1]: Initializing machine ID from random generator.
[  300.373272] systemd[1]: Installed transient /etc/machine-id file.
[  300.733967] systemd[1]: Created slice System Slice.
[[0;32m  OK  [0m] Created slice System Slice.
[  300.756093] systemd[1]: Listening on Journal Socket (/dev/log).
[[0;32m  OK  [0m] Listening on Journal Socket (/dev/log).
[  300.763547] systemd[1]: Listening on Journal Socket.
[[0;32m  OK  [0m] Listening on Journal Socket.
[  300.770490] systemd[1]: Starting Set the console keyboard layout...
         Starting Set the console keyboard layout...
         Starting Uncomplicated firewall...
[[0;32m  OK  [0m] Listening on Network Service Netlink Socket.
         Mounting POSIX Message Queue File System...
[[0;32m  OK  [0m] Reached target User and Group Name Lookups.
[[0;32m  OK  [0m] Listening on /dev/initctl Compatibility Named Pipe.
[[0;32m  OK  [0m] Listening on Journal Audit Socket.
[[0;32m  OK  [0m] Listening on udev Control Socket.
[[0;32m  OK  [0m] Reached target Swap.
[[0;32m  OK  [0m] Started Forward Password Requests to Wall Directory Watch.
         Mounting Kernel Debug File System...
[[0;32m  OK  [0m] Set up automount Arbitrary Executab…rmats File System Automount Point.
         Starting Create list of required st…ce nodes for the current kernel...
[[0;32m  OK  [0m] Created slice User and Session Slice.
[[0;32m  OK  [0m] Reached target System Time Synchronized.
[[0;32m  OK  [0m] Listening on LVM2 metadata daemon socket.
[[0;32m  OK  [0m] Reached target Slices.
[[0;32m  OK  [0m] Listening on Device-mapper event daemon FIFOs.
         Starting Load Kernel Modules...
[[0;32m  OK  [0m] Created slice system-serial\x2dgetty.slice.
[[0;32m  OK  [0m] Listening on LVM2 poll daemon socket.
[[0;32m  OK  [0m] Listening on udev Kernel Socket.
         Starting udev Coldplug all Devices...[  300.861374] Loading iSCSI transport class v2.0-870.

[[0;32m  OK  [0m] Listening on Syslog Socket.
         Starting Journal Service...
         Mounting Huge Pages File System...
[[0;32m  OK  [0m] Listening on fsck to fsckd communication Socket.
[  300.903031] iscsi: registered transport (tcp)
         Starting File System Check on Root Device...
         Starting Monitoring of LVM2 mirrors…ng dmeventd or progress polling...
[[0;32m  OK  [0m] Reached target Mounting snaps.
[[0;32m  OK  [0m] Reached target Mounted snaps.
[[0;32m  OK  [0m] Started Uncomplicated firewall.
[[0;32m  OK  [0m] Mounted POSIX Message Queue File System.
[  300.938340] iscsi: registered transport (iser)
[[0;32m  OK  [0m] Mounted Kernel Debug File System.
[[0;32m  OK  [0m] Started Create list of required sta…vice nodes for the current kernel.
[[0;32m  OK  [0m] Started Load Kernel Modules.
[[0;32m  OK  [0m] Mounted Huge Pages File System.
         Starting Apply Kernel Variables...
         Mounting Kernel Configuration File System...
         Mounting FUSE Control File System...
         Starting Create Static Device Nodes in /dev...
[[0;32m  OK  [0m] Mounted Kernel Configuration File System.
[[0;32m  OK  [0m] Mounted FUSE Control File System.
[[0;32m  OK  [0m] Started File System Check Daemon to report status.
[[0;32m  OK  [0m] Started LVM2 metadata daemon.
[[0;32m  OK  [0m] Started udev Coldplug all Devices.
[[0;32m  OK  [0m] Started Create Static Device Nodes in /dev.
[[0;32m  OK  [0m] Started Journal Service.
[[0;32m  OK  [0m] Started Apply Kernel Variables.
[[0;32m  OK  [0m] Started File System Check on Root Device.
         Starting Remount Root and Kernel File Systems...
[[0;32m  OK  [0m] Started Monitoring of LVM2 mirrors,…sing dmeventd or progress polling.
[[0;32m  OK  [0m] Started Remount Root and Kernel File Systems.
         Starting Flush Journal to Persistent Storage...
         Starting udev Kernel Device Manager...
         Starting Load/Save Random Seed...
[[0;32m  OK  [0m] Started Load/Save Random Seed.
[[0;32m  OK  [0m] Started udev Kernel Device Manager.
[[0;32m  OK  [0m] Started Flush Journal to Persistent Storage.
[[0;32m  OK  [0m] Found device /dev/ttyS0.
[[0;32m  OK  [0m] Listening on Load/Save RF Kill Switch Status /dev/rfkill Watch.
[[0;32m  OK  [0m] Started Set the console keyboard layout.
[[0;32m  OK  [0m] Started Dispatch Password Requests to Console Directory Watch.
[[0;32m  OK  [0m] Reached target Local Encrypted Volumes.
[[0;32m  OK  [0m] Reached target Local File Systems (Pre).
[[0;32m  OK  [0m] Reached target Local File Systems.
         Starting Tell Plymouth To Write Out Runtime Data...
         Starting AppArmor initialization...
         Starting Set console font and keymap...
         Starting Create Volatile Files and Directories...
         Starting ebtables ruleset management...
         Starting Commit a transient machine-id on disk...
[[0;32m  OK  [0m] Started Tell Plymouth To Write Out Runtime Data.
[[0;32m  OK  [0m] Started Create Volatile Files and Directories.
         Starting Update UTMP about System Boot/Shutdown...
[[0;32m  OK  [0m] Started Update UTMP about System Boot/Shutdown.
[[0;32m  OK  [0m] Started Commit a transient machine-id on disk.
[[0;32m  OK  [0m] Started ebtables ruleset management.
         Mounting Arbitrary Executable File Formats File System...
[[0;32m  OK  [0m] Mounted Arbitrary Executable File Formats File System.
[[0;32m  OK  [0m] Started AppArmor initialization.
         Starting Load AppArmor profiles managed internally by snapd...
         Starting Initial cloud-init job (pre-networking)...
[[0;32m  OK  [0m] Started Load AppArmor profiles managed internally by snapd.
[[0;32m  OK  [0m] Started Set console font and keymap.
[  304.702515] cloud-init[755]: Cloud-init v. 23.1.2-0ubuntu0~18.04.1 running 'init-local' at Mon, 04 Mar 2024 18:27:17 +0000. Up 304.33 seconds.
[[0;32m  OK  [0m] Started Initial cloud-init job (pre-networking).
[[0;32m  OK  [0m] Reached target Network (Pre).
         Starting Network Service...
[[0;32m  OK  [0m] Started Network Service.
         Starting Network Name Resolution...
         Starting Wait for Network to be Configured...
[[0;32m  OK  [0m] Started Network Name Resolution.
[[0;32m  OK  [0m] Reached target Host and Network Name Lookups.
[[0;32m  OK  [0m] Reached target Network.
[[0;32m  OK  [0m] Started Wait for Network to be Configured.
         Starting Initial cloud-init job (metadata service crawler)...
[  306.966491] cloud-init[903]: Cloud-init v. 23.1.2-0ubuntu0~18.04.1 running 'init' at Mon, 04 Mar 2024 18:27:20 +0000. Up 306.83 seconds.
[  306.971651] cloud-init[903]: ci-info: ++++++++++++++++++++++++++++++++++++++Net device info+++++++++++++++++++++++++++++++++++++++
[  306.975657] cloud-init[903]: ci-info: +--------+-------+----------------------------+---------------+--------+-------------------+
[  306.979608] cloud-init[903]: ci-info: | Device |   Up  |          Address           |      Mask     | Scope  |     Hw-Address    |
[  306.983531] cloud-init[903]: ci-info: +--------+-------+----------------------------+---------------+--------+-------------------+
[  306.988850] cloud-init[903]: ci-info: | enp0s3 |  True |         10.0.2.15          | 255.255.255.0 | global | 02:3b:7b:b7:3b:2d |
[  306.993064] cloud-init[903]: ci-info: | enp0s3 |  True | fe80::3b:7bff:feb7:3b2d/64 |       .       |  link  | 02:3b:7b:b7:3b:2d |
[  306.997297] cloud-init[903]: ci-info: | enp0s8 | False |             .              |       .       |   .    | 08:00:27:4d:a3:bc |
[  307.000947] cloud-init[903]: ci-info: | enp0s9 | False |             .              |       .       |   .    | 08:00:27:93:2d:f4 |
[  307.004521] cloud-init[903]: ci-info: |   lo   |  True |         127.0.0.1          |   255.0.0.0   |  host  |         .         |
[  307.008366] cloud-init[903]: ci-info: |   lo   |  True |          ::1/128           |       .       |  host  |         .         |
[  307.012497] cloud-init[903]: ci-info: +--------+-------+----------------------------+---------------+--------+-------------------+
[  307.016071] cloud-init[903]: ci-info: ++++++++++++++++++++++++++++Route IPv4 info+++++++++++++++++++++++++++++
[  307.019181] cloud-init[903]: ci-info: +-------+-------------+----------+-----------------+-----------+-------+
[  307.022884] cloud-init[903]: ci-info: | Route | Destination | Gateway  |     Genmask     | Interface | Flags |
[  307.025881] cloud-init[903]: ci-info: +-------+-------------+----------+-----------------+-----------+-------+
[  307.028935] cloud-init[903]: ci-info: |   0   |   0.0.0.0   | 10.0.2.2 |     0.0.0.0     |   enp0s3  |   UG  |
[  307.032326] cloud-init[903]: ci-info: |   1   |   10.0.2.0  | 0.0.0.0  |  255.255.255.0  |   enp0s3  |   U   |
[  307.035786] cloud-init[903]: ci-info: |   2   |   10.0.2.2  | 0.0.0.0  | 255.255.255.255 |   enp0s3  |   UH  |
[  307.039110] cloud-init[903]: ci-info: +-------+-------------+----------+-----------------+-----------+-------+
[  307.042186] cloud-init[903]: ci-info: +++++++++++++++++++Route IPv6 info+++++++++++++++++++
[  307.044651] cloud-init[903]: ci-info: +-------+-------------+---------+-----------+-------+
[  307.047063] cloud-init[903]: ci-info: | Route | Destination | Gateway | Interface | Flags |
[  307.049853] cloud-init[903]: ci-info: +-------+-------------+---------+-----------+-------+
[  307.052613] cloud-init[903]: ci-info: |   1   |  fe80::/64  |    ::   |   enp0s3  |   U   |
[  307.055208] cloud-init[903]: ci-info: |   3   |    local    |    ::   |   enp0s3  |   U   |
[  307.057924] cloud-init[903]: ci-info: |   4   |   ff00::/8  |    ::   |   enp0s3  |   U   |
[  307.060554] cloud-init[903]: ci-info: +-------+-------------+---------+-----------+-------+
[  308.298297] cloud-init[903]: Generating public/private rsa key pair.
[  308.300984] cloud-init[903]: Your identification has been saved in /etc/ssh/ssh_host_rsa_key.
[  308.303941] cloud-init[903]: Your public key has been saved in /etc/ssh/ssh_host_rsa_key.pub.
[  308.306725] cloud-init[903]: The key fingerprint is:
[  308.308478] cloud-init[903]: SHA256:1d6cRztqwijinroBmSHgV6oK2efBSSP7FbMHPH7Ayew root@ubuntu-bionic
[  308.311532] cloud-init[903]: The key's randomart image is:
[  308.313384] cloud-init[903]: +---[RSA 2048]----+
[  308.315043] cloud-init[903]: |.    .           |
[  308.316801] cloud-init[903]: |o   o= .   .     |
[  308.318391] cloud-init[903]: |.o.oo %   . .   .|
[  308.320327] cloud-init[903]: |.o*= = B . . o o.|
[  308.321990] cloud-init[903]: |o=o = E S   . +o.|
[  308.323645] cloud-init[903]: |o .+ o o  o   ...|
[  308.325498] cloud-init[903]: |.  .o. . . o o   |
[  308.327193] cloud-init[903]: |    o o .   o    |
[  308.329039] cloud-init[903]: |   o++           |
[  308.330677] cloud-init[903]: +----[SHA256]-----+
[  308.332564] cloud-init[903]: Generating public/private dsa key pair.
[  308.334709] cloud-init[903]: Your identification has been saved in /etc/ssh/ssh_host_dsa_key.
[  308.337518] cloud-init[903]: Your public key has been saved in /etc/ssh/ssh_host_dsa_key.pub.
[  308.340506] cloud-init[903]: The key fingerprint is:
[  308.342209] cloud-init[903]: SHA256:MNWen9Cfj9w/FnrvZdDC+YrGhmPXY1AV6ldGEXwN3oA root@ubuntu-bionic
[  308.345524] cloud-init[903]: The key's randomart image is:
[  308.347285] cloud-init[903]: +---[DSA 1024]----+
[  308.349103] cloud-init[903]: |        ..   .+=*|
[  308.350748] cloud-init[903]: |       .  . E..=+|
[  308.352541] cloud-init[903]: |      o  . o ...=|
[  308.354191] cloud-init[903]: |       o  + o..+.|
[  308.355743] cloud-init[903]: |        S  o ==o.|
[  308.357411] cloud-init[903]: |            + += |
[  308.359105] cloud-init[903]: |           o +.+=|
[  308.360825] cloud-init[903]: |          + =o**+|
[  308.362499] cloud-init[903]: |         . =..+oB|
[  308.364116] cloud-init[903]: +----[SHA256]-----+
[  308.366306] cloud-init[903]: Generating public/private ecdsa key pair.
[  308.368505] cloud-init[903]: Your identification has been saved in /etc/ssh/ssh_host_ecdsa_key.
[  308.371294] cloud-init[903]: Your public key has been saved in /etc/ssh/ssh_host_ecdsa_key.pub.
[  308.374595] cloud-init[903]: The key fingerprint is:
[  308.376363] cloud-init[903]: SHA256:VTg1lw6GQ00LFLwhxOxpMu9scKvdPf3kkL6szjuKeDM root@ubuntu-bionic
[  308.379209] cloud-init[903]: The key's randomart image is:
[  308.381084] cloud-init[903]: +---[ECDSA 256]---+
[  308.382774] cloud-init[903]: |       +.+=B= .. |
[  308.396996] cloud-init[903]: |        + Bo++.  |
[  308.398542] cloud-init[903]: |       . o.*.o   |
[  308.400069] cloud-init[903]: |      o +..   .  |
[  308.401643] cloud-init[903]: |       =S        |
[  308.403562] cloud-init[903]: |      . o      . |
[  308.405232] cloud-init[903]: |       = .   .o .|
[  308.406802] cloud-init[903]: |       oEo ooo.+ |
[  308.409469] cloud-init[903]: |      o+oooo*=+oo|
[  308.411131] cloud-init[903]: +----[SHA256]-----+
[  308.412925] cloud-init[903]: Generating public/private ed25519 key pair.
[  308.415364] cloud-init[903]: Your identification has been saved in /etc/ssh/ssh_host_ed25519_key.
[  308.418326] cloud-init[903]: Your public key has been saved in /etc/ssh/ssh_host_ed25519_key.pub.
[  308.421574] cloud-init[903]: The key fingerprint is:
[  308.423081] cloud-init[903]: SHA256:5BTGaEIcH4FeXmVhQ7Mg2eyPvjW6GKH9dQF/gf8S2yc root@ubuntu-bionic
[  308.426266] cloud-init[903]: The key's randomart image is:
[  308.431428] cloud-init[[0;32m  OK  [0m] Started Initial cloud-init job (metadata service crawler).
[[0;32m  OK  [0m] Reached target Network is Online.
[903]: +--[ED25519 256]--+
[[0;32m  OK  [0m] Reached target Remote File Systems (Pre).
[[0;32m  OK  [0m] Reached target Remote File Systems.
         Starting Availability of block devices...
[[0;32m  OK  [0m] Reached target System Initialization.
         Starting LXD - unix socket.
[[0;32m  OK  [0m] Listening on D-Bus System Message Bus Socket.
[  308.449758] [[0;32m  OK  [0m] Started Daily apt download activities.
[[0;32m  OK  [0m] Listening on UUID daemon activation socket.
[[0;32m  OK  [0m] Started ACPI Events Check.
[[0;32m  OK  [0m] Started Daily Cleanup of Temporary Directories.
[[0;32m  OK  [0m] Started Daily apt upgrade and clean activities.
         Starting Socket activation for snappy daemon.
[[0;32m  OK  [0m] Reached target Paths.
[[0;32m  OK  [0m] Started Ubuntu Advantage Timer for running repeated jobs.
[[0;32m  OK  [0m] Started Message of the Day.
[[0;32m  OK  [0m] Listening on cloud-init hotplug hook socket.
[[0;32m  OK  [0m] Started Discard unused blocks once a week.
[[0;32m  OK  [0m] Reached target Timers.
[[0;32m  OK  [0m] Listening on Open-iSCSI iscsid Socket.
[[0;32m  OK  [0m] Listening on ACPID Listen Socket.
[[0;32m  OK  [0m] Reached target Cloud-config availability.
[[0;32m  OK  [0m] Started Availability of block devices.
[[0;32m  OK  [0m] Listening on LXD - unix socket.
[[0;32m  OK  [0m] Listening on Socket activation for snappy daemon.
[[0;32m  OK  [0m] Reached target Sockets.
[[0;32m  OK  [0m] Reached target Basic System.
[[0;32m  OK  [0m] Started D-Bus System Message Bus.
cloud-init[903]: |   ooo+B+oO.     |
[  308.510766] cloud-init[903]: |    +.=+== + .   |
[  308.519357] cloud-init[903]: |   . =.oo o . .  |[[0;32m  OK  [0m] Started irqbalance daemon.
         Starting LSB: Record successful boot for GRUB...
         Starting Dispatcher daemon for systemd-networkd...
         Starting Pollinate to seed the pseudo random number generator...

[  308.538292] cloud-init[903]: |    . .+.  o . . |
[  308.540594] cloud-init[903]: |      . So  o +  |
[  308.542702] cloud-init[903]: |     o .. .  o = |
[  308.544741] cloud-init[903]: |    . o.  + . E +|
[[0;32m  OK  [0m] Reached target Login Prompts (Pre).
[[0;32m  OK  [0m] Started Deferred execution scheduler.
         Starting LSB: automatic crash report generation...
[  308.551776] cloud-init[903]: |       +.+ o   o.|
[  308.563274] cloud-init[903]: |      . =o       |
[  308.565035] cloud-init[903]: +----[SHA256]-----+
[[0;32m  OK  [0m] Started Regular background program processing daemon.
         Starting Snap Daemon...
[[0;32m  OK  [0m] Started FUSE filesystem for LXC.
         Starting Permit User Sessions...
         Starting Login Service...
         Starting LXD - container startup/shutdown...
         Starting Accounts Service...
         Starting System Logging Service...
         Starting Virtualbox guest utils...
[[0;32m  OK  [0m] Started Permit User Sessions.
         Starting Hold until boot process finishes up...
         Starting Terminate Plymouth Boot Screen...
[[0;32m  OK  [0m] Started Hold until boot process finishes up.
         Starting Set console scheme...
[[0;32m  OK  [0m] Started Serial Getty on ttyS0.
[[0;32m  OK  [0m] Started Terminate Plymouth Boot Screen.
[[0;32m  OK  [0m] Started System Logging Service.
[[0;32m  OK  [0m] Started Login Service.
[[0;32m  OK  [0m] Started Unattended Upgrades Shutdown.
[[0;32m  OK  [0m] Started LSB: automatic crash report generation.
[[0;32m  OK  [0m] Started Set console scheme.
[[0;32m  OK  [0m] Started LSB: Record successful boot for GRUB.
[[0;32m  OK  [0m] Created slice system-getty.slice.
[[0;32m  OK  [0m] Started Getty on tty1.
[[0;32m  OK  [0m] Reached target Login Prompts.
         Starting Authorization Manager...
[[0;32m  OK  [0m] Started Authorization Manager.
[[0;32m  OK  [0m] Started Accounts Service.
[[0;32m  OK  [0m] Started Dispatcher daemon for systemd-networkd.
[[0;32m  OK  [0m] Started Virtualbox guest utils.
[[0;32m  OK  [0m] Started LXD - container startup/shutdown.
[[0;32m  OK  [0m] Started Pollinate to seed the pseudo random number generator.
         Starting OpenBSD Secure Shell server...
[[0;32m  OK  [0m] Started OpenBSD Secure Shell server.
[[0;32m  OK  [0m] Started Snap Daemon.
         Starting Wait until snapd is fully seeded...
         Starting Time & Date Service...
[[0;32m  OK  [0m] Started Time & Date Service.
[[0;32m  OK  [0m] Started Wait until snapd is fully seeded.
         Starting Apply the settings specified in cloud-config...
[  313.231537] cloud-init[1422]: Cloud-init v. 23.1.2-0ubuntu0~18.04.1 running 'modules:config' at Mon, 04 Mar 2024 18:27:26 +0000. Up 312.65 seconds.
[[0;32m  OK  [0m] Started Apply the settings specified in cloud-config.
[[0;32m  OK  [0m] Reached target Multi-User System.
         Starting Execute cloud user/final scripts...
[[0;32m  OK  [0m] Reached target Graphical Interface.
         Starting Update UTMP about System Runlevel Changes...
[[0;32m  OK  [0m] Started Update UTMP about System Runlevel Changes.
ci-info: no authorized SSH keys fingerprints found for user ubuntu.
<14>Mar  4 18:27:27 cloud-init: #############################################################
<14>Mar  4 18:27:27 cloud-init: -----BEGIN SSH HOST KEY FINGERPRINTS-----
<14>Mar  4 18:27:27 cloud-init: 1024 SHA256:MNWen9Cfj9w/FnrvZdDC+YrGhmPXY1AV6ldGEXwN3oA root@ubuntu-bionic (DSA)
<14>Mar  4 18:27:27 cloud-init: 256 SHA256:VTg1lw6GQ00LFLwhxOxpMu9scKvdPf3kkL6szjuKeDM root@ubuntu-bionic (ECDSA)
<14>Mar  4 18:27:27 cloud-init: 256 SHA256:5BTGaEIcH4FeXmVhQ7Mg2eyPvjW6GKH9dQF/gf8S2yc root@ubuntu-bionic (ED25519)
<14>Mar  4 18:27:27 cloud-init: 2048 SHA256:1d6cRztqwijinroBmSHgV6oK2efBSSP7FbMHPH7Ayew root@ubuntu-bionic (RSA)
<14>Mar  4 18:27:27 cloud-init: -----END SSH HOST KEY FINGERPRINTS-----
<14>Mar  4 18:27:27 cloud-init: #############################################################
-----BEGIN SSH HOST KEY KEYS-----
ecdsa-sha2-nistp256 AAAAE2VjZHNhLXNoYTItbmlzdHAyNTYAAAAIbmlzdHAyNTYAAABBBFLhIgUacCS7Z0Sc9n2SRvsB9dBDVTWSKp+tdi7i51dzYhCk8EPqCLlhqPYCgeElrcaPEo4GdkOZxf5Z5FIHnhI= root@ubuntu-bionic
ssh-ed25519 AAAAC3NzaC1lZDI1NTE5AAAAIJhAI0zd9u0BxGTNUX9/Y6ZJzPtWLfQnrqHcgAtjg7TN root@ubuntu-bionic
ssh-rsa AAAAB3NzaC1yc2EAAAADAQABAAABAQDSw1L5QaQX0NshTB8IjrZGjjn4CLUwkgNokwSV4z3jnMo833XgYn6DgrETPIP4OzfouP1bZUQStcBosw2Mm/lZfegnyIOQRhPFWkP6X5wobnfPck6Jp2kmrkMnXgLfycmLIPFj/beS0yqHL5L+MWnSctQBAqGwT0ez0Uqddj92pBFLAAX0K+htEo7mCfwiLjVO3oBfkaX2dtdKXNayzZiKqzXCO2op3rBvFBzO9lRogkwY1GwVVs+y/xxdhtvs+YBP94mamWJzDBc6egFHCqzC17kkpIR4Uoku008b57HIjLXLkX2v4iBgyK4mx+NVfIK5xQaDEImMqndzBasRYOad root@ubuntu-bionic
-----END SSH HOST KEY KEYS-----
[  314.166013] cloud-init[1473]: Cloud-init v. 23.1.2-0ubuntu0~18.04.1 running 'modules:final' at Mon, 04 Mar 2024 18:27:27 +0000. Up 313.93 seconds.
[  314.181217] cloud-init[1473]: Cloud-init v. 23.1.2-0ubuntu0~18.04.1 finished at Mon, 04 Mar 2024 18:27:27 +0000. Datasource DataSourceNoCloud [seed=/dev/sdb][dsmode=net].  Up 314.15 seconds

Ubuntu 18.04.6 LTS ubuntu-bionic ttyS0

ubuntu-bionic login: 